<?xml version="1.0" encoding="UTF-8"?>
<testsuite xmlns:xsi="http://www.w3.org/2001/XMLSchema-instance" xsi:noNamespaceSchemaLocation="https://maven.apache.org/surefire/maven-surefire-plugin/xsd/surefire-test-report-3.0.xsd" version="3.0" name="com.example.project.CalculatorTests" time="0.647" tests="16" errors="0" skipped="1" failures="0">
  <properties>
    <property name="java.specification.version" value="17"/>
    <property name="sun.cpu.isalist" value="amd64"/>
    <property name="sun.jnu.encoding" value="GBK"/>
    <property name="java.class.path" value="D:\U\软件构造-资源\软件构造-资源1\resource-archive-from-QQ-软件构造\junit5-jupiter-starter-maven\target\test-classes;D:\U\软件构造-资源\软件构造-资源1\resource-archive-from-QQ-软件构造\junit5-jupiter-starter-maven\target\classes;C:\Users\miniwang\.m2\repository\org\junit\jupiter\junit-jupiter\5.10.1\junit-jupiter-5.10.1.jar;C:\Users\miniwang\.m2\repository\org\junit\jupiter\junit-jupiter-api\5.10.1\junit-jupiter-api-5.10.1.jar;C:\Users\miniwang\.m2\repository\org\opentest4j\opentest4j\1.3.0\opentest4j-1.3.0.jar;C:\Users\miniwang\.m2\repository\org\junit\platform\junit-platform-commons\1.10.1\junit-platform-commons-1.10.1.jar;C:\Users\miniwang\.m2\repository\org\apiguardian\apiguardian-api\1.1.2\apiguardian-api-1.1.2.jar;C:\Users\miniwang\.m2\repository\org\junit\jupiter\junit-jupiter-params\5.10.1\junit-jupiter-params-5.10.1.jar;C:\Users\miniwang\.m2\repository\org\junit\jupiter\junit-jupiter-engine\5.10.1\junit-jupiter-engine-5.10.1.jar;C:\Users\miniwang\.m2\repository\org\junit\platform\junit-platform-engine\1.10.1\junit-platform-engine-1.10.1.jar;C:\Users\miniwang\.m2\repository\org\assertj\assertj-core\3.24.2\assertj-core-3.24.2.jar;C:\Users\miniwang\.m2\repository\net\bytebuddy\byte-buddy\1.12.21\byte-buddy-1.12.21.jar;"/>
    <property name="java.vm.vendor" value="BellSoft"/>
    <property name="sun.arch.data.model" value="64"/>
    <property name="user.variant" value=""/>
    <property name="java.vendor.url" value="https://bell-sw.com/"/>
    <property name="user.timezone" value="Asia/Shanghai"/>
    <property name="os.name" value="Windows 10"/>
    <property name="java.vm.specification.version" value="17"/>
    <property name="sun.java.launcher" value="SUN_STANDARD"/>
    <property name="user.country" value="CN"/>
    <property name="sun.boot.library.path" value="D:\Dev-tools\bellsoft-jdk17.0.2+9-windows-amd64\jdk-17.0.2\bin"/>
    <property name="sun.java.command" value="C:\Users\miniwang\AppData\Local\Temp\surefire11700161165835026245\surefirebooter-20231129180238998_3.jar C:\Users\miniwang\AppData\Local\Temp\surefire11700161165835026245 2023-11-29T18-02-34_165-jvmRun1 surefire-20231129180238998_1tmp surefire_0-20231129180238998_2tmp"/>
    <property name="jdk.debug" value="release"/>
    <property name="surefire.test.class.path" value="D:\U\软件构造-资源\软件构造-资源1\resource-archive-from-QQ-软件构造\junit5-jupiter-starter-maven\target\test-classes;D:\U\软件构造-资源\软件构造-资源1\resource-archive-from-QQ-软件构造\junit5-jupiter-starter-maven\target\classes;C:\Users\miniwang\.m2\repository\org\junit\jupiter\junit-jupiter\5.10.1\junit-jupiter-5.10.1.jar;C:\Users\miniwang\.m2\repository\org\junit\jupiter\junit-jupiter-api\5.10.1\junit-jupiter-api-5.10.1.jar;C:\Users\miniwang\.m2\repository\org\opentest4j\opentest4j\1.3.0\opentest4j-1.3.0.jar;C:\Users\miniwang\.m2\repository\org\junit\platform\junit-platform-commons\1.10.1\junit-platform-commons-1.10.1.jar;C:\Users\miniwang\.m2\repository\org\apiguardian\apiguardian-api\1.1.2\apiguardian-api-1.1.2.jar;C:\Users\miniwang\.m2\repository\org\junit\jupiter\junit-jupiter-params\5.10.1\junit-jupiter-params-5.10.1.jar;C:\Users\miniwang\.m2\repository\org\junit\jupiter\junit-jupiter-engine\5.10.1\junit-jupiter-engine-5.10.1.jar;C:\Users\miniwang\.m2\repository\org\junit\platform\junit-platform-engine\1.10.1\junit-platform-engine-1.10.1.jar;C:\Users\miniwang\.m2\repository\org\assertj\assertj-core\3.24.2\assertj-core-3.24.2.jar;C:\Users\miniwang\.m2\repository\net\bytebuddy\byte-buddy\1.12.21\byte-buddy-1.12.21.jar;"/>
    <property name="sun.cpu.endian" value="little"/>
    <property name="user.home" value="C:\Users\miniwang"/>
    <property name="user.language" value="zh"/>
    <property name="java.specification.vendor" value="Oracle Corporation"/>
    <property name="java.version.date" value="2022-01-18"/>
    <property name="java.home" value="D:\Dev-tools\bellsoft-jdk17.0.2+9-windows-amd64\jdk-17.0.2"/>
    <property name="file.separator" value="\"/>
    <property name="basedir" value="D:\U\软件构造-资源\软件构造-资源1\resource-archive-from-QQ-软件构造\junit5-jupiter-starter-maven"/>
    <property name="java.vm.compressedOopsMode" value="32-bit"/>
    <property name="line.separator" value="&#10;"/>
    <property name="java.vm.specification.vendor" value="Oracle Corporation"/>
    <property name="java.specification.name" value="Java Platform API Specification"/>
    <property name="surefire.real.class.path" value="C:\Users\miniwang\AppData\Local\Temp\surefire11700161165835026245\surefirebooter-20231129180238998_3.jar"/>
    <property name="user.script" value=""/>
    <property name="sun.management.compiler" value="HotSpot 64-Bit Tiered Compilers"/>
    <property name="java.runtime.version" value="17.0.2+9-LTS"/>
    <property name="user.name" value="miniwang"/>
    <property name="path.separator" value=";"/>
    <property name="os.version" value="10.0"/>
    <property name="java.runtime.name" value="OpenJDK Runtime Environment"/>
    <property name="file.encoding" value="GBK"/>
    <property name="java.vm.name" value="OpenJDK 64-Bit Server VM"/>
    <property name="localRepository" value="C:\Users\miniwang\.m2\repository"/>
    <property name="java.vendor.url.bug" value="https://bell-sw.com/support"/>
    <property name="java.io.tmpdir" value="C:\Users\miniwang\AppData\Local\Temp\"/>
    <property name="idea.version" value="2023.1.2"/>
    <property name="java.version" value="17.0.2"/>
    <property name="user.dir" value="D:\U\软件构造-资源\软件构造-资源1\resource-archive-from-QQ-软件构造\junit5-jupiter-starter-maven"/>
    <property name="os.arch" value="amd64"/>
    <property name="java.vm.specification.name" value="Java Virtual Machine Specification"/>
    <property name="sun.os.patch.level" value=""/>
    <property name="native.encoding" value="GBK"/>
    <property name="java.library.path" value="D:\Dev-tools\bellsoft-jdk17.0.2+9-windows-amd64\jdk-17.0.2\bin;C:\Windows\Sun\Java\bin;C:\Windows\system32;C:\Windows;D:\Dev-tools\bellsoft-jdk17.0.2+9-windows-amd64\jdk-17.0.2\bin;C:\Windows\system32;C:\Windows;C:\Windows\System32\Wbem;C:\Windows\System32\WindowsPowerShell\v1.0\;C:\Windows\System32\OpenSSH\;C:\Users\miniwang\AppData\Local\Microsoft\WindowsApps;C:\Users\miniwang\AppData\Roaming\npm;D:\Program Files\Microsoft VS Code\bin;C:\Program Files\Git LFS 3.1.4;C:\Program Files\Git-2.25.0\cmd;D:\Dev-tools\gradle-7.4.2-bin\bin;D:\Program Files\Bandizip\;C:\Users\miniwang\AppData\Roaming\nvm-1.1.11;C:\Program Files\nodejs;D:\Dev-tools\Python3.8.10\Scripts\;D:\Dev-tools\Python3.8.10\;D:\Python\Python38\Scripts\;D:\Python\Python38\;C:\msys2-64\usr\bin;C:\Users\miniwang\AppData\Roaming\nvm-1.1.11;C:\Program Files\nodejs;."/>
    <property name="java.vm.info" value="mixed mode, sharing"/>
    <property name="java.vendor" value="BellSoft"/>
    <property name="java.vm.version" value="17.0.2+9-LTS"/>
    <property name="sun.io.unicode.encoding" value="UnicodeLittle"/>
    <property name="java.class.version" value="61.0"/>
  </properties>
  <testcase name="useCodedValue" classname="com.example.project.CalculatorTests" time="0.057">
    <system-out><![CDATA[init annotatted with @BeforeEach
tearDown annotatted with @AfterEach
]]></system-out>
  </testcase>
  <testcase name="useAssert" classname="com.example.project.CalculatorTests" time="0.014">
    <system-out><![CDATA[init annotatted with @BeforeEach
tearDown annotatted with @AfterEach
]]></system-out>
  </testcase>
  <testcase name="disabledTest" classname="com.example.project.CalculatorTests" time="0.0">
    <skipped message="public void com.example.project.CalculatorTests.disabledTest() is @Disabled"/>
  </testcase>
  <testcase name="useMethodSource(SimpleTriplet)[1]" classname="com.example.project.CalculatorTests" time="0.085">
    <system-out><![CDATA[init annotatted with @BeforeEach
tearDown annotatted with @AfterEach
]]></system-out>
  </testcase>
  <testcase name="useMethodSource(SimpleTriplet)[2]" classname="com.example.project.CalculatorTests" time="0.008">
    <system-out><![CDATA[init annotatted with @BeforeEach
tearDown annotatted with @AfterEach
]]></system-out>
  </testcase>
  <testcase name="useCsvSource(int, int, int)[1]" classname="com.example.project.CalculatorTests" time="0.021">
    <system-out><![CDATA[init annotatted with @BeforeEach
tearDown annotatted with @AfterEach
]]></system-out>
  </testcase>
  <testcase name="useCsvSource(int, int, int)[2]" classname="com.example.project.CalculatorTests" time="0.004">
    <system-out><![CDATA[init annotatted with @BeforeEach
tearDown annotatted with @AfterEach
]]></system-out>
  </testcase>
  <testcase name="useRepeatedTest(TestInfo, RepetitionInfo)[1]" classname="com.example.project.CalculatorTests" time="0.011">
    <system-out><![CDATA[init annotatted with @BeforeEach
useRepeatedTest -> 1
tearDown annotatted with @AfterEach
]]></system-out>
  </testcase>
  <testcase name="useRepeatedTest(TestInfo, RepetitionInfo)[2]" classname="com.example.project.CalculatorTests" time="0.006">
    <system-out><![CDATA[init annotatted with @BeforeEach
useRepeatedTest -> 2
tearDown annotatted with @AfterEach
]]></system-out>
  </testcase>
  <testcase name="useRepeatedTest(TestInfo, RepetitionInfo)[3]" classname="com.example.project.CalculatorTests" time="0.003">
    <system-out><![CDATA[init annotatted with @BeforeEach
useRepeatedTest -> 3
tearDown annotatted with @AfterEach
]]></system-out>
  </testcase>
  <testcase name="useRepeatedTest(TestInfo, RepetitionInfo)[4]" classname="com.example.project.CalculatorTests" time="0.008">
    <system-out><![CDATA[init annotatted with @BeforeEach
useRepeatedTest -> 4
tearDown annotatted with @AfterEach
]]></system-out>
  </testcase>
  <testcase name="useRepeatedTest(TestInfo, RepetitionInfo)[5]" classname="com.example.project.CalculatorTests" time="0.005">
    <system-out><![CDATA[init annotatted with @BeforeEach
useRepeatedTest -> 5
tearDown annotatted with @AfterEach
]]></system-out>
  </testcase>
  <testcase name="useAssertJ" classname="com.example.project.CalculatorTests" time="0.159">
    <system-out><![CDATA[init annotatted with @BeforeEach
tearDown annotatted with @AfterEach
]]></system-out>
  </testcase>
  <testcase name="useValueSource(int)[1]" classname="com.example.project.CalculatorTests" time="0.004">
    <system-out><![CDATA[init annotatted with @BeforeEach
tearDown annotatted with @AfterEach
]]></system-out>
  </testcase>
  <testcase name="useValueSource(int)[2]" classname="com.example.project.CalculatorTests" time="0.004">
    <system-out><![CDATA[init annotatted with @BeforeEach
tearDown annotatted with @AfterEach
]]></system-out>
  </testcase>
  <testcase name="useValueSource(int)[3]" classname="com.example.project.CalculatorTests" time="0.003">
    <system-out><![CDATA[init annotatted with @BeforeEach
tearDown annotatted with @AfterEach
]]></system-out>
  </testcase>
</testsuite>